   1               		.file	"tasks.c"
   2               	__SREG__ = 0x3f
   3               	__SP_H__ = 0x3e
   4               	__SP_L__ = 0x3d
   5               	__CCP__  = 0x34
   6               	__tmp_reg__ = 0
   7               	__zero_reg__ = 1
  15               	.Ltext0:
  16               	.global	xTaskIsTaskSuspended
  18               	xTaskIsTaskSuspended:
  19               	.LFB7:
  20               	.LM1:
  21               	.LVL0:
  22               	/* prologue: function */
  23               	/* frame size = 0 */
  24               	.LM2:
  25 0000 FC01      		movw r30,r24
  26               	.LVL1:
  27               	.LM3:
  28 0002 8285      		ldd r24,Z+10
  29 0004 9385      		ldd r25,Z+11
  30               	.LVL2:
  31 0006 8050      		subi r24,lo8(xSuspendedTaskList)
  32 0008 9040      		sbci r25,hi8(xSuspendedTaskList)
  33 000a 01F4      		brne .L2
  34               	.LM4:
  35 000c 8489      		ldd r24,Z+20
  36 000e 9589      		ldd r25,Z+21
  37 0010 20E0      		ldi r18,hi8(xPendingReadyList)
  38 0012 8030      		cpi r24,lo8(xPendingReadyList)
  39 0014 9207      		cpc r25,r18
  40 0016 01F0      		breq .L2
  41 0018 20E0      		ldi r18,lo8(0)
  42               	.LVL3:
  43 001a 892B      		or r24,r25
  44 001c 01F4      		brne .L4
  45 001e 21E0      		ldi r18,lo8(1)
  46 0020 00C0      		rjmp .L4
  47               	.LVL4:
  48               	.L2:
  49 0022 20E0      		ldi r18,lo8(0)
  50               	.LVL5:
  51               	.L4:
  52               	.LM5:
  53 0024 822F      		mov r24,r18
  54               	/* epilogue start */
  55 0026 0895      		ret
  56               	.LFE7:
  58               	.global	vTaskSuspendAll
  60               	vTaskSuspendAll:
  61               	.LFB12:
  62               	.LM6:
  63               	/* prologue: function */
  64               	/* frame size = 0 */
  65               	.LM7:
  66 0028 8091 0000 		lds r24,uxSchedulerSuspended
  67 002c 8F5F      		subi r24,lo8(-(1))
  68 002e 8093 0000 		sts uxSchedulerSuspended,r24
  69               	/* epilogue start */
  70               	.LM8:
  71 0032 0895      		ret
  72               	.LFE12:
  74               	.global	xTaskGetTickCount
  76               	xTaskGetTickCount:
  77               	.LFB14:
  78               	.LM9:
  79               	/* prologue: function */
  80               	/* frame size = 0 */
  81               	.LM10:
  82               	/* #APP */
  83               	 ;  1252 "src/FreeRTOS/tasks.c" 1
  84 0034 0FB6      		in		__tmp_reg__, __SREG__
  85               	 ;  0 "" 2
  86               	 ;  1252 "src/FreeRTOS/tasks.c" 1
  87 0036 F894      		cli
  88               	 ;  0 "" 2
  89               	 ;  1252 "src/FreeRTOS/tasks.c" 1
  90 0038 0F92      		push	__tmp_reg__
  91               	 ;  0 "" 2
  92               	.LM11:
  93               	/* #NOAPP */
  94 003a 2091 0000 		lds r18,xTickCount
  95 003e 3091 0000 		lds r19,(xTickCount)+1
  96               	.LVL6:
  97               	.LM12:
  98               	/* #APP */
  99               	 ;  1256 "src/FreeRTOS/tasks.c" 1
 100 0042 0F90      		pop		__tmp_reg__
 101               	 ;  0 "" 2
 102               	 ;  1256 "src/FreeRTOS/tasks.c" 1
 103 0044 0FBE      		out		__SREG__, __tmp_reg__
 104               	 ;  0 "" 2
 105               	.LM13:
 106               	/* #NOAPP */
 107 0046 C901      		movw r24,r18
 108               	.LVL7:
 109               	/* epilogue start */
 110 0048 0895      		ret
 111               	.LFE14:
 113               	.global	xTaskGetTickCountFromISR
 115               	xTaskGetTickCountFromISR:
 116               	.LFB15:
 117               	.LM14:
 118               	/* prologue: function */
 119               	/* frame size = 0 */
 120               	.LM15:
 121 004a 2091 0000 		lds r18,xTickCount
 122 004e 3091 0000 		lds r19,(xTickCount)+1
 123               	.LVL8:
 124               	.LM16:
 125 0052 C901      		movw r24,r18
 126               	.LVL9:
 127               	/* epilogue start */
 128 0054 0895      		ret
 129               	.LFE15:
 131               	.global	uxTaskGetNumberOfTasks
 133               	uxTaskGetNumberOfTasks:
 134               	.LFB16:
 135               	.LM17:
 136               	/* prologue: function */
 137               	/* frame size = 0 */
 138               	.LM18:
 139 0056 8091 0000 		lds r24,uxCurrentNumberOfTasks
 140               	/* epilogue start */
 141               	.LM19:
 142 005a 0895      		ret
 143               	.LFE16:
 145               	.global	vTaskSwitchContext
 147               	vTaskSwitchContext:
 148               	.LFB18:
 149               	.LM20:
 150               	/* prologue: function */
 151               	/* frame size = 0 */
 152               	.LM21:
 153 005c 8091 0000 		lds r24,uxSchedulerSuspended
 154 0060 8823      		tst r24
 155 0062 01F0      		breq .L15
 156               	.LM22:
 157 0064 81E0      		ldi r24,lo8(1)
 158 0066 8093 0000 		sts xMissedYield,r24
 159 006a 0895      		ret
 160               	.L17:
 161               	.LM23:
 162 006c 8091 0000 		lds r24,uxTopReadyPriority
 163 0070 8150      		subi r24,lo8(-(-1))
 164 0072 8093 0000 		sts uxTopReadyPriority,r24
 165 0076 00C0      		rjmp .L20
 166               	.L15:
 167               	.LM24:
 168 0078 99E0      		ldi r25,lo8(9)
 169               	.L20:
 170 007a E091 0000 		lds r30,uxTopReadyPriority
 171 007e E99F      		mul r30,r25
 172 0080 F001      		movw r30,r0
 173 0082 1124      		clr r1
 174 0084 E050      		subi r30,lo8(-(pxReadyTasksLists))
 175 0086 F040      		sbci r31,hi8(-(pxReadyTasksLists))
 176 0088 8081      		ld r24,Z
 177 008a 8823      		tst r24
 178 008c 01F0      		breq .L17
 179               	.LBB23:
 180               	.LM25:
 181 008e 9091 0000 		lds r25,uxTopReadyPriority
 182 0092 89E0      		ldi r24,lo8(9)
 183 0094 989F      		mul r25,r24
 184 0096 D001      		movw r26,r0
 185 0098 1124      		clr r1
 186               	.LVL10:
 187 009a A050      		subi r26,lo8(-(pxReadyTasksLists))
 188 009c B040      		sbci r27,hi8(-(pxReadyTasksLists))
 189 009e 1196      		adiw r26,1
 190 00a0 ED91      		ld r30,X+
 191 00a2 FC91      		ld r31,X
 192 00a4 1297      		sbiw r26,1+1
 193 00a6 0280      		ldd __tmp_reg__,Z+2
 194 00a8 F381      		ldd r31,Z+3
 195 00aa E02D      		mov r30,__tmp_reg__
 196 00ac 1296      		adiw r26,1+1
 197 00ae FC93      		st X,r31
 198 00b0 EE93      		st -X,r30
 199 00b2 1197      		sbiw r26,1
 200 00b4 CD01      		movw r24,r26
 201 00b6 0396      		adiw r24,3
 202 00b8 E817      		cp r30,r24
 203 00ba F907      		cpc r31,r25
 204 00bc 01F4      		brne .L18
 205 00be 8281      		ldd r24,Z+2
 206 00c0 9381      		ldd r25,Z+3
 207 00c2 1296      		adiw r26,1+1
 208 00c4 9C93      		st X,r25
 209 00c6 8E93      		st -X,r24
 210 00c8 1197      		sbiw r26,1
 211               	.L18:
 212 00ca 1196      		adiw r26,1
 213 00cc ED91      		ld r30,X+
 214 00ce FC91      		ld r31,X
 215 00d0 1297      		sbiw r26,1+1
 216 00d2 8681      		ldd r24,Z+6
 217 00d4 9781      		ldd r25,Z+7
 218 00d6 9093 0000 		sts (pxCurrentTCB)+1,r25
 219 00da 8093 0000 		sts pxCurrentTCB,r24
 220 00de 0895      		ret
 221               	.LBE23:
 222               	.LFE18:
 224               	.global	vTaskSetTimeOutState
 226               	vTaskSetTimeOutState:
 227               	.LFB22:
 228               	.LM26:
 229               	.LVL11:
 230               	/* prologue: function */
 231               	/* frame size = 0 */
 232 00e0 FC01      		movw r30,r24
 233               	.LM27:
 234 00e2 8091 0000 		lds r24,xNumOfOverflows
 235               	.LVL12:
 236 00e6 8083      		st Z,r24
 237               	.LM28:
 238 00e8 8091 0000 		lds r24,xTickCount
 239 00ec 9091 0000 		lds r25,(xTickCount)+1
 240 00f0 9283      		std Z+2,r25
 241 00f2 8183      		std Z+1,r24
 242               	/* epilogue start */
 243               	.LM29:
 244 00f4 0895      		ret
 245               	.LFE22:
 247               	.global	xTaskCheckForTimeOut
 249               	xTaskCheckForTimeOut:
 250               	.LFB23:
 251               	.LM30:
 252               	.LVL13:
 253               	/* prologue: function */
 254               	/* frame size = 0 */
 255 00f6 FC01      		movw r30,r24
 256 00f8 DB01      		movw r26,r22
 257               	.LM31:
 258               	/* #APP */
 259               	 ;  1881 "src/FreeRTOS/tasks.c" 1
 260 00fa 0FB6      		in		__tmp_reg__, __SREG__
 261               	 ;  0 "" 2
 262               	 ;  1881 "src/FreeRTOS/tasks.c" 1
 263 00fc F894      		cli
 264               	 ;  0 "" 2
 265               	 ;  1881 "src/FreeRTOS/tasks.c" 1
 266 00fe 0F92      		push	__tmp_reg__
 267               	 ;  0 "" 2
 268               	.LM32:
 269               	/* #NOAPP */
 270 0100 4D91      		ld r20,X+
 271 0102 5C91      		ld r21,X
 272 0104 1197      		sbiw r26,1
 273 0106 8FEF      		ldi r24,hi8(-1)
 274 0108 4F3F      		cpi r20,lo8(-1)
 275 010a 5807      		cpc r21,r24
 276               	.LVL14:
 277 010c 01F0      		breq .L29
 278               	.LVL15:
 279               	.L24:
 280               	.LM33:
 281 010e 9091 0000 		lds r25,xNumOfOverflows
 282 0112 8081      		ld r24,Z
 283 0114 9817      		cp r25,r24
 284 0116 01F0      		breq .L26
 285 0118 2091 0000 		lds r18,xTickCount
 286 011c 3091 0000 		lds r19,(xTickCount)+1
 287 0120 8181      		ldd r24,Z+1
 288 0122 9281      		ldd r25,Z+2
 289 0124 2817      		cp r18,r24
 290 0126 3907      		cpc r19,r25
 291 0128 00F4      		brsh .L27
 292               	.L26:
 293               	.LM34:
 294 012a 8091 0000 		lds r24,xTickCount
 295 012e 9091 0000 		lds r25,(xTickCount)+1
 296 0132 2181      		ldd r18,Z+1
 297 0134 3281      		ldd r19,Z+2
 298 0136 821B      		sub r24,r18
 299 0138 930B      		sbc r25,r19
 300 013a 8417      		cp r24,r20
 301 013c 9507      		cpc r25,r21
 302 013e 00F4      		brsh .L27
 303               	.LM35:
 304 0140 8091 0000 		lds r24,xTickCount
 305 0144 9091 0000 		lds r25,(xTickCount)+1
 306 0148 281B      		sub r18,r24
 307 014a 390B      		sbc r19,r25
 308 014c 240F      		add r18,r20
 309 014e 351F      		adc r19,r21
 310 0150 2D93      		st X+,r18
 311 0152 3C93      		st X,r19
 312               	.LBB24:
 313               	.LBB25:
 314               	.LM36:
 315 0154 8091 0000 		lds r24,xNumOfOverflows
 316 0158 8083      		st Z,r24
 317               	.LM37:
 318 015a 8091 0000 		lds r24,xTickCount
 319 015e 9091 0000 		lds r25,(xTickCount)+1
 320 0162 9283      		std Z+2,r25
 321 0164 8183      		std Z+1,r24
 322               	.L29:
 323 0166 80E0      		ldi r24,lo8(0)
 324               	.LVL16:
 325 0168 00C0      		rjmp .L25
 326               	.LVL17:
 327               	.L27:
 328 016a 81E0      		ldi r24,lo8(1)
 329               	.LVL18:
 330               	.L25:
 331               	.LBE25:
 332               	.LBE24:
 333               	.LM38:
 334               	/* #APP */
 335               	 ;  1914 "src/FreeRTOS/tasks.c" 1
 336 016c 0F90      		pop		__tmp_reg__
 337               	 ;  0 "" 2
 338               	 ;  1914 "src/FreeRTOS/tasks.c" 1
 339 016e 0FBE      		out		__SREG__, __tmp_reg__
 340               	 ;  0 "" 2
 341               	.LVL19:
 342               	/* epilogue start */
 343               	.LM39:
 344               	/* #NOAPP */
 345 0170 0895      		ret
 346               	.LFE23:
 348               	.global	vTaskMissedYield
 350               	vTaskMissedYield:
 351               	.LFB24:
 352               	.LM40:
 353               	/* prologue: function */
 354               	/* frame size = 0 */
 355               	.LM41:
 356 0172 81E0      		ldi r24,lo8(1)
 357 0174 8093 0000 		sts xMissedYield,r24
 358               	/* epilogue start */
 359               	.LM42:
 360 0178 0895      		ret
 361               	.LFE24:
 363               	.global	uxTaskGetStackHighWaterMark
 365               	uxTaskGetStackHighWaterMark:
 366               	.LFB32:
 367               	.LM43:
 368               	.LVL20:
 369               	/* prologue: function */
 370               	/* frame size = 0 */
 371               	.LM44:
 372 017a 0097      		sbiw r24,0
 373 017c 01F4      		brne .L33
 374 017e E091 0000 		lds r30,pxCurrentTCB
 375 0182 F091 0000 		lds r31,(pxCurrentTCB)+1
 376               	.LVL21:
 377 0186 00C0      		rjmp .L34
 378               	.LVL22:
 379               	.L33:
 380 0188 FC01      		movw r30,r24
 381               	.LVL23:
 382               	.L34:
 383               	.LM45:
 384 018a 8789      		ldd r24,Z+23
 385               	.LVL24:
 386 018c 908D      		ldd r25,Z+24
 387               	.LVL25:
 388 018e 9C01      		movw r18,r24
 389               	.LVL26:
 390 0190 F901      		movw r30,r18
 391               	.LVL27:
 392 0192 20E0      		ldi r18,lo8(0)
 393 0194 30E0      		ldi r19,hi8(0)
 394               	.LVL28:
 395 0196 00C0      		rjmp .L35
 396               	.L36:
 397               	.LBB26:
 398               	.LBB27:
 399               	.LM46:
 400 0198 3196      		adiw r30,1
 401               	.LM47:
 402 019a 2F5F      		subi r18,lo8(-(1))
 403 019c 3F4F      		sbci r19,hi8(-(1))
 404               	.L35:
 405               	.LM48:
 406 019e 8081      		ld r24,Z
 407 01a0 853A      		cpi r24,lo8(-91)
 408 01a2 01F0      		breq .L36
 409               	.LBE27:
 410               	.LBE26:
 411               	.LM49:
 412 01a4 822F      		mov r24,r18
 413               	/* epilogue start */
 414 01a6 0895      		ret
 415               	.LFE32:
 417               	.global	xTaskGetCurrentTaskHandle
 419               	xTaskGetCurrentTaskHandle:
 420               	.LFB33:
 421               	.LM50:
 422               	/* prologue: function */
 423               	/* frame size = 0 */
 424               	.LM51:
 425 01a8 2091 0000 		lds r18,pxCurrentTCB
 426 01ac 3091 0000 		lds r19,(pxCurrentTCB)+1
 427               	.LVL29:
 428               	.LM52:
 429 01b0 C901      		movw r24,r18
 430               	.LVL30:
 431               	/* epilogue start */
 432 01b2 0895      		ret
 433               	.LFE33:
 435               	.global	xTaskGetSchedulerState
 437               	xTaskGetSchedulerState:
 438               	.LFB34:
 439               	.LM53:
 440               	/* prologue: function */
 441               	/* frame size = 0 */
 442               	.LM54:
 443 01b4 8091 0000 		lds r24,xSchedulerRunning
 444 01b8 8823      		tst r24
 445 01ba 01F0      		breq .L42
 446               	.LM55:
 447 01bc 8091 0000 		lds r24,uxSchedulerSuspended
 448 01c0 8823      		tst r24
 449 01c2 01F0      		breq .L43
 450 01c4 82E0      		ldi r24,lo8(2)
 451               	.LVL31:
 452 01c6 0895      		ret
 453               	.LVL32:
 454               	.L43:
 455 01c8 81E0      		ldi r24,lo8(1)
 456               	.LVL33:
 457               	.L42:
 458               	.LVL34:
 459               	.LM56:
 460 01ca 0895      		ret
 461               	.LFE34:
 463               	.global	vTaskPriorityDisinherit
 465               	vTaskPriorityDisinherit:
 466               	.LFB36:
 467               	.LM57:
 468               	.LVL35:
 469 01cc 0F93      		push r16
 470 01ce 1F93      		push r17
 471 01d0 CF93      		push r28
 472 01d2 DF93      		push r29
 473               	/* prologue: function */
 474               	/* frame size = 0 */
 475 01d4 EC01      		movw r28,r24
 476               	.LM58:
 477 01d6 0097      		sbiw r24,0
 478 01d8 01F0      		breq .L48
 479               	.LM59:
 480 01da 9E89      		ldd r25,Y+22
 481 01dc 89A1      		ldd r24,Y+33
 482               	.LVL36:
 483 01de 9817      		cp r25,r24
 484 01e0 01F0      		breq .L48
 485               	.LM60:
 486 01e2 8E01      		movw r16,r28
 487 01e4 0E5F      		subi r16,lo8(-(2))
 488 01e6 1F4F      		sbci r17,hi8(-(2))
 489 01e8 C801      		movw r24,r16
 490 01ea 0E94 0000 		call vListRemove
 491               	.LM61:
 492 01ee 29A1      		ldd r18,Y+33
 493 01f0 2E8B      		std Y+22,r18
 494               	.LM62:
 495 01f2 85E0      		ldi r24,lo8(5)
 496 01f4 90E0      		ldi r25,hi8(5)
 497 01f6 821B      		sub r24,r18
 498 01f8 9109      		sbc r25,__zero_reg__
 499 01fa 9D87      		std Y+13,r25
 500 01fc 8C87      		std Y+12,r24
 501               	.LM63:
 502 01fe 8091 0000 		lds r24,uxTopReadyPriority
 503 0202 8217      		cp r24,r18
 504 0204 00F4      		brsh .L47
 505 0206 2093 0000 		sts uxTopReadyPriority,r18
 506               	.L47:
 507 020a 89E0      		ldi r24,lo8(9)
 508 020c 289F      		mul r18,r24
 509 020e C001      		movw r24,r0
 510 0210 1124      		clr r1
 511 0212 8050      		subi r24,lo8(-(pxReadyTasksLists))
 512 0214 9040      		sbci r25,hi8(-(pxReadyTasksLists))
 513 0216 B801      		movw r22,r16
 514 0218 0E94 0000 		call vListInsertEnd
 515               	.LVL37:
 516               	.L48:
 517               	/* epilogue start */
 518               	.LM64:
 519 021c DF91      		pop r29
 520 021e CF91      		pop r28
 521               	.LVL38:
 522 0220 1F91      		pop r17
 523 0222 0F91      		pop r16
 524 0224 0895      		ret
 525               	.LFE36:
 527               	.global	vTaskPriorityInherit
 529               	vTaskPriorityInherit:
 530               	.LFB35:
 531               	.LM65:
 532               	.LVL39:
 533 0226 0F93      		push r16
 534 0228 1F93      		push r17
 535 022a CF93      		push r28
 536 022c DF93      		push r29
 537               	/* prologue: function */
 538               	/* frame size = 0 */
 539               	.LM66:
 540 022e EC01      		movw r28,r24
 541               	.LVL40:
 542               	.LM67:
 543 0230 E091 0000 		lds r30,pxCurrentTCB
 544 0234 F091 0000 		lds r31,(pxCurrentTCB)+1
 545 0238 3E89      		ldd r19,Y+22
 546               	.LVL41:
 547 023a 8689      		ldd r24,Z+22
 548 023c 3817      		cp r19,r24
 549 023e 00F4      		brsh .L53
 550               	.LM68:
 551 0240 E091 0000 		lds r30,pxCurrentTCB
 552 0244 F091 0000 		lds r31,(pxCurrentTCB)+1
 553 0248 2689      		ldd r18,Z+22
 554 024a 85E0      		ldi r24,lo8(5)
 555 024c 90E0      		ldi r25,hi8(5)
 556 024e 821B      		sub r24,r18
 557 0250 9109      		sbc r25,__zero_reg__
 558 0252 9D87      		std Y+13,r25
 559 0254 8C87      		std Y+12,r24
 560               	.LM69:
 561 0256 89E0      		ldi r24,lo8(9)
 562 0258 389F      		mul r19,r24
 563 025a C001      		movw r24,r0
 564 025c 1124      		clr r1
 565 025e 8050      		subi r24,lo8(-(pxReadyTasksLists))
 566 0260 9040      		sbci r25,hi8(-(pxReadyTasksLists))
 567 0262 2A85      		ldd r18,Y+10
 568 0264 3B85      		ldd r19,Y+11
 569 0266 2817      		cp r18,r24
 570 0268 3907      		cpc r19,r25
 571 026a 01F4      		brne .L51
 572               	.LM70:
 573 026c 8E01      		movw r16,r28
 574 026e 0E5F      		subi r16,lo8(-(2))
 575 0270 1F4F      		sbci r17,hi8(-(2))
 576 0272 C801      		movw r24,r16
 577 0274 0E94 0000 		call vListRemove
 578               	.LM71:
 579 0278 E091 0000 		lds r30,pxCurrentTCB
 580 027c F091 0000 		lds r31,(pxCurrentTCB)+1
 581 0280 9689      		ldd r25,Z+22
 582 0282 9E8B      		std Y+22,r25
 583               	.LM72:
 584 0284 8091 0000 		lds r24,uxTopReadyPriority
 585 0288 8917      		cp r24,r25
 586 028a 00F4      		brsh .L52
 587 028c 9093 0000 		sts uxTopReadyPriority,r25
 588               	.L52:
 589 0290 89E0      		ldi r24,lo8(9)
 590 0292 989F      		mul r25,r24
 591 0294 C001      		movw r24,r0
 592 0296 1124      		clr r1
 593 0298 8050      		subi r24,lo8(-(pxReadyTasksLists))
 594 029a 9040      		sbci r25,hi8(-(pxReadyTasksLists))
 595 029c B801      		movw r22,r16
 596 029e 0E94 0000 		call vListInsertEnd
 597 02a2 00C0      		rjmp .L53
 598               	.L51:
 599               	.LM73:
 600 02a4 E091 0000 		lds r30,pxCurrentTCB
 601 02a8 F091 0000 		lds r31,(pxCurrentTCB)+1
 602 02ac 8689      		ldd r24,Z+22
 603 02ae 8E8B      		std Y+22,r24
 604               	.L53:
 605               	/* epilogue start */
 606               	.LM74:
 607 02b0 DF91      		pop r29
 608 02b2 CF91      		pop r28
 609               	.LVL42:
 610 02b4 1F91      		pop r17
 611 02b6 0F91      		pop r16
 612 02b8 0895      		ret
 613               	.LFE35:
 615               	.global	xTaskRemoveFromEventList
 617               	xTaskRemoveFromEventList:
 618               	.LFB21:
 619               	.LM75:
 620               	.LVL43:
 621 02ba 0F93      		push r16
 622 02bc 1F93      		push r17
 623 02be CF93      		push r28
 624 02c0 DF93      		push r29
 625               	/* prologue: function */
 626               	/* frame size = 0 */
 627 02c2 FC01      		movw r30,r24
 628               	.LM76:
 629 02c4 0580      		ldd __tmp_reg__,Z+5
 630 02c6 F681      		ldd r31,Z+6
 631 02c8 E02D      		mov r30,__tmp_reg__
 632 02ca 0681      		ldd r16,Z+6
 633 02cc 1781      		ldd r17,Z+7
 634               	.LVL44:
 635               	.LM77:
 636 02ce E801      		movw r28,r16
 637 02d0 2C96      		adiw r28,12
 638 02d2 CE01      		movw r24,r28
 639               	.LVL45:
 640 02d4 0E94 0000 		call vListRemove
 641               	.LM78:
 642 02d8 8091 0000 		lds r24,uxSchedulerSuspended
 643 02dc 8823      		tst r24
 644 02de 01F4      		brne .L55
 645               	.LM79:
 646 02e0 E801      		movw r28,r16
 647 02e2 2296      		adiw r28,2
 648 02e4 CE01      		movw r24,r28
 649 02e6 0E94 0000 		call vListRemove
 650               	.LM80:
 651 02ea D801      		movw r26,r16
 652 02ec 5696      		adiw r26,22
 653 02ee 9C91      		ld r25,X
 654 02f0 8091 0000 		lds r24,uxTopReadyPriority
 655 02f4 8917      		cp r24,r25
 656 02f6 00F4      		brsh .L56
 657 02f8 9093 0000 		sts uxTopReadyPriority,r25
 658               	.L56:
 659 02fc 89E0      		ldi r24,lo8(9)
 660 02fe 989F      		mul r25,r24
 661 0300 C001      		movw r24,r0
 662 0302 1124      		clr r1
 663 0304 8050      		subi r24,lo8(-(pxReadyTasksLists))
 664 0306 9040      		sbci r25,hi8(-(pxReadyTasksLists))
 665 0308 00C0      		rjmp .L60
 666               	.L55:
 667               	.LM81:
 668 030a 80E0      		ldi r24,lo8(xPendingReadyList)
 669 030c 90E0      		ldi r25,hi8(xPendingReadyList)
 670               	.L60:
 671 030e BE01      		movw r22,r28
 672 0310 0E94 0000 		call vListInsertEnd
 673               	.LM82:
 674 0314 E091 0000 		lds r30,pxCurrentTCB
 675 0318 F091 0000 		lds r31,(pxCurrentTCB)+1
 676 031c 20E0      		ldi r18,lo8(0)
 677 031e D801      		movw r26,r16
 678 0320 5696      		adiw r26,22
 679 0322 9C91      		ld r25,X
 680 0324 8689      		ldd r24,Z+22
 681 0326 9817      		cp r25,r24
 682 0328 00F0      		brlo .L58
 683 032a 21E0      		ldi r18,lo8(1)
 684               	.L58:
 685               	.LM83:
 686 032c 822F      		mov r24,r18
 687               	/* epilogue start */
 688 032e DF91      		pop r29
 689 0330 CF91      		pop r28
 690 0332 1F91      		pop r17
 691 0334 0F91      		pop r16
 692               	.LVL46:
 693 0336 0895      		ret
 694               	.LFE21:
 696               	.global	vTaskIncrementTick
 698               	vTaskIncrementTick:
 699               	.LFB17:
 700               	.LM84:
 701 0338 FF92      		push r15
 702 033a 0F93      		push r16
 703 033c 1F93      		push r17
 704 033e CF93      		push r28
 705 0340 DF93      		push r29
 706               	/* prologue: function */
 707               	/* frame size = 0 */
 708               	.LM85:
 709 0342 8091 0000 		lds r24,uxSchedulerSuspended
 710 0346 8823      		tst r24
 711 0348 01F0      		breq .+2
 712 034a 00C0      		rjmp .L62
 713               	.LM86:
 714 034c 8091 0000 		lds r24,xTickCount
 715 0350 9091 0000 		lds r25,(xTickCount)+1
 716 0354 0196      		adiw r24,1
 717 0356 9093 0000 		sts (xTickCount)+1,r25
 718 035a 8093 0000 		sts xTickCount,r24
 719               	.LM87:
 720 035e 8091 0000 		lds r24,xTickCount
 721 0362 9091 0000 		lds r25,(xTickCount)+1
 722 0366 892B      		or r24,r25
 723 0368 01F4      		brne .L63
 724               	.LBB28:
 725               	.LM88:
 726 036a 2091 0000 		lds r18,pxDelayedTaskList
 727 036e 3091 0000 		lds r19,(pxDelayedTaskList)+1
 728               	.LVL47:
 729               	.LM89:
 730 0372 8091 0000 		lds r24,pxOverflowDelayedTaskList
 731 0376 9091 0000 		lds r25,(pxOverflowDelayedTaskList)+1
 732 037a 9093 0000 		sts (pxDelayedTaskList)+1,r25
 733 037e 8093 0000 		sts pxDelayedTaskList,r24
 734               	.LM90:
 735 0382 3093 0000 		sts (pxOverflowDelayedTaskList)+1,r19
 736 0386 2093 0000 		sts pxOverflowDelayedTaskList,r18
 737               	.LM91:
 738 038a 8091 0000 		lds r24,xNumOfOverflows
 739 038e 8F5F      		subi r24,lo8(-(1))
 740 0390 8093 0000 		sts xNumOfOverflows,r24
 741               	.LM92:
 742 0394 E091 0000 		lds r30,pxDelayedTaskList
 743 0398 F091 0000 		lds r31,(pxDelayedTaskList)+1
 744 039c 8081      		ld r24,Z
 745 039e 8823      		tst r24
 746 03a0 01F4      		brne .L64
 747               	.LM93:
 748 03a2 8FEF      		ldi r24,lo8(-1)
 749 03a4 9FEF      		ldi r25,hi8(-1)
 750 03a6 00C0      		rjmp .L74
 751               	.L64:
 752               	.LM94:
 753 03a8 E091 0000 		lds r30,pxDelayedTaskList
 754 03ac F091 0000 		lds r31,(pxDelayedTaskList)+1
 755 03b0 0580      		ldd __tmp_reg__,Z+5
 756 03b2 F681      		ldd r31,Z+6
 757 03b4 E02D      		mov r30,__tmp_reg__
 758 03b6 0680      		ldd __tmp_reg__,Z+6
 759 03b8 F781      		ldd r31,Z+7
 760 03ba E02D      		mov r30,__tmp_reg__
 761               	.LM95:
 762 03bc 8281      		ldd r24,Z+2
 763 03be 9381      		ldd r25,Z+3
 764               	.L74:
 765 03c0 9093 0000 		sts (xNextTaskUnblockTime)+1,r25
 766 03c4 8093 0000 		sts xNextTaskUnblockTime,r24
 767               	.L63:
 768               	.LBE28:
 769               	.LBB29:
 770               	.LM96:
 771 03c8 2091 0000 		lds r18,xTickCount
 772 03cc 3091 0000 		lds r19,(xTickCount)+1
 773               	.LVL48:
 774 03d0 8091 0000 		lds r24,xNextTaskUnblockTime
 775 03d4 9091 0000 		lds r25,(xNextTaskUnblockTime)+1
 776 03d8 2817      		cp r18,r24
 777 03da 3907      		cpc r19,r25
 778 03dc 00F4      		brsh .+2
 779 03de 00C0      		rjmp .L65
 780 03e0 89E0      		ldi r24,lo8(9)
 781 03e2 F82E      		mov r15,r24
 782               	.LVL49:
 783               	.L73:
 784 03e4 E091 0000 		lds r30,pxDelayedTaskList
 785 03e8 F091 0000 		lds r31,(pxDelayedTaskList)+1
 786 03ec 8081      		ld r24,Z
 787 03ee 8823      		tst r24
 788 03f0 01F4      		brne .L66
 789 03f2 8FEF      		ldi r24,lo8(-1)
 790 03f4 9FEF      		ldi r25,hi8(-1)
 791 03f6 9093 0000 		sts (xNextTaskUnblockTime)+1,r25
 792 03fa 8093 0000 		sts xNextTaskUnblockTime,r24
 793 03fe 00C0      		rjmp .L65
 794               	.L66:
 795 0400 E091 0000 		lds r30,pxDelayedTaskList
 796 0404 F091 0000 		lds r31,(pxDelayedTaskList)+1
 797 0408 0580      		ldd __tmp_reg__,Z+5
 798 040a F681      		ldd r31,Z+6
 799 040c E02D      		mov r30,__tmp_reg__
 800 040e C681      		ldd r28,Z+6
 801 0410 D781      		ldd r29,Z+7
 802 0412 2A81      		ldd r18,Y+2
 803 0414 3B81      		ldd r19,Y+3
 804               	.LVL50:
 805 0416 8091 0000 		lds r24,xTickCount
 806 041a 9091 0000 		lds r25,(xTickCount)+1
 807 041e 8217      		cp r24,r18
 808 0420 9307      		cpc r25,r19
 809 0422 00F4      		brsh .L67
 810 0424 3093 0000 		sts (xNextTaskUnblockTime)+1,r19
 811 0428 2093 0000 		sts xNextTaskUnblockTime,r18
 812 042c 00C0      		rjmp .L65
 813               	.L67:
 814 042e 8E01      		movw r16,r28
 815 0430 0E5F      		subi r16,lo8(-(2))
 816 0432 1F4F      		sbci r17,hi8(-(2))
 817 0434 C801      		movw r24,r16
 818 0436 0E94 0000 		call vListRemove
 819               	.LVL51:
 820 043a 8C89      		ldd r24,Y+20
 821 043c 9D89      		ldd r25,Y+21
 822 043e 892B      		or r24,r25
 823 0440 01F0      		breq .L68
 824 0442 CE01      		movw r24,r28
 825 0444 0C96      		adiw r24,12
 826 0446 0E94 0000 		call vListRemove
 827               	.L68:
 828 044a 9E89      		ldd r25,Y+22
 829 044c 8091 0000 		lds r24,uxTopReadyPriority
 830 0450 8917      		cp r24,r25
 831 0452 00F4      		brsh .L69
 832 0454 9093 0000 		sts uxTopReadyPriority,r25
 833               	.L69:
 834 0458 9F9D      		mul r25,r15
 835 045a C001      		movw r24,r0
 836 045c 1124      		clr r1
 837 045e 8050      		subi r24,lo8(-(pxReadyTasksLists))
 838 0460 9040      		sbci r25,hi8(-(pxReadyTasksLists))
 839 0462 B801      		movw r22,r16
 840 0464 0E94 0000 		call vListInsertEnd
 841 0468 00C0      		rjmp .L73
 842               	.LVL52:
 843               	.L62:
 844               	.LBE29:
 845               	.LM97:
 846 046a 8091 0000 		lds r24,uxMissedTicks
 847 046e 8F5F      		subi r24,lo8(-(1))
 848 0470 8093 0000 		sts uxMissedTicks,r24
 849               	.LM98:
 850               	/* #APP */
 851               	 ;  1521 "src/FreeRTOS/tasks.c" 1
 852 0474 A895      		wdr
 853               	 ;  0 "" 2
 854               	.LVL53:
 855               	/* #NOAPP */
 856               	.L65:
 857               	.LM99:
 858 0476 8091 0000 		lds r24,uxMissedTicks
 859 047a 8823      		tst r24
 860 047c 01F4      		brne .L72
 861               	.LM100:
 862               	/* #APP */
 863               	 ;  1532 "src/FreeRTOS/tasks.c" 1
 864 047e A895      		wdr
 865               	 ;  0 "" 2
 866               	/* #NOAPP */
 867               	.L72:
 868               	/* epilogue start */
 869               	.LM101:
 870 0480 DF91      		pop r29
 871 0482 CF91      		pop r28
 872               	.LVL54:
 873 0484 1F91      		pop r17
 874 0486 0F91      		pop r16
 875 0488 FF90      		pop r15
 876 048a 0895      		ret
 877               	.LFE17:
 879               	.global	xTaskResumeFromISR
 881               	xTaskResumeFromISR:
 882               	.LFB9:
 883               	.LM102:
 884               	.LVL55:
 885 048c DF92      		push r13
 886 048e EF92      		push r14
 887 0490 FF92      		push r15
 888 0492 0F93      		push r16
 889 0494 1F93      		push r17
 890 0496 CF93      		push r28
 891 0498 DF93      		push r29
 892               	/* prologue: function */
 893               	/* frame size = 0 */
 894               	.LM103:
 895 049a EC01      		movw r28,r24
 896               	.LVL56:
 897               	.LBB30:
 898               	.LBB31:
 899               	.LM104:
 900 049c 8A85      		ldd r24,Y+10
 901 049e 9B85      		ldd r25,Y+11
 902               	.LVL57:
 903 04a0 8050      		subi r24,lo8(xSuspendedTaskList)
 904 04a2 9040      		sbci r25,hi8(xSuspendedTaskList)
 905 04a4 01F4      		brne .L76
 906               	.LM105:
 907 04a6 8C89      		ldd r24,Y+20
 908 04a8 9D89      		ldd r25,Y+21
 909 04aa 20E0      		ldi r18,hi8(xPendingReadyList)
 910 04ac 8030      		cpi r24,lo8(xPendingReadyList)
 911 04ae 9207      		cpc r25,r18
 912 04b0 01F0      		breq .L76
 913               	.LM106:
 914 04b2 892B      		or r24,r25
 915 04b4 01F4      		brne .L76
 916 04b6 00C0      		rjmp .L85
 917               	.L81:
 918               	.LBE31:
 919               	.LBE30:
 920               	.LM107:
 921 04b8 DE88      		ldd r13,Y+22
 922 04ba E091 0000 		lds r30,pxCurrentTCB
 923 04be F091 0000 		lds r31,(pxCurrentTCB)+1
 924 04c2 0689      		ldd r16,Z+22
 925               	.LM108:
 926 04c4 92E0      		ldi r25,lo8(2)
 927 04c6 E92E      		mov r14,r25
 928 04c8 F12C      		mov r15,__zero_reg__
 929 04ca EC0E      		add r14,r28
 930 04cc FD1E      		adc r15,r29
 931 04ce C701      		movw r24,r14
 932 04d0 0E94 0000 		call vListRemove
 933               	.LM109:
 934 04d4 6E89      		ldd r22,Y+22
 935 04d6 8091 0000 		lds r24,uxTopReadyPriority
 936 04da 8617      		cp r24,r22
 937 04dc 00F4      		brsh .L78
 938 04de 6093 0000 		sts uxTopReadyPriority,r22
 939               	.L78:
 940               	.LM110:
 941 04e2 10E0      		ldi r17,lo8(0)
 942               	.LVL58:
 943 04e4 D016      		cp r13,r16
 944 04e6 00F0      		brlo .L79
 945 04e8 11E0      		ldi r17,lo8(1)
 946               	.L79:
 947               	.LM111:
 948 04ea 89E0      		ldi r24,lo8(9)
 949 04ec 689F      		mul r22,r24
 950 04ee C001      		movw r24,r0
 951 04f0 1124      		clr r1
 952 04f2 8050      		subi r24,lo8(-(pxReadyTasksLists))
 953 04f4 9040      		sbci r25,hi8(-(pxReadyTasksLists))
 954 04f6 B701      		movw r22,r14
 955 04f8 0E94 0000 		call vListInsertEnd
 956 04fc 00C0      		rjmp .L80
 957               	.LVL59:
 958               	.L86:
 959               	.LM112:
 960 04fe 2C96      		adiw r28,12
 961 0500 80E0      		ldi r24,lo8(xPendingReadyList)
 962 0502 90E0      		ldi r25,hi8(xPendingReadyList)
 963 0504 BE01      		movw r22,r28
 964 0506 0E94 0000 		call vListInsertEnd
 965               	.L76:
 966 050a 10E0      		ldi r17,lo8(0)
 967               	.LVL60:
 968               	.L80:
 969               	.LM113:
 970 050c 812F      		mov r24,r17
 971               	/* epilogue start */
 972 050e DF91      		pop r29
 973 0510 CF91      		pop r28
 974               	.LVL61:
 975 0512 1F91      		pop r17
 976               	.LVL62:
 977 0514 0F91      		pop r16
 978 0516 FF90      		pop r15
 979 0518 EF90      		pop r14
 980 051a DF90      		pop r13
 981 051c 0895      		ret
 982               	.LVL63:
 983               	.L85:
 984               	.LM114:
 985 051e 8091 0000 		lds r24,uxSchedulerSuspended
 986 0522 8823      		tst r24
 987 0524 01F0      		breq .L81
 988 0526 00C0      		rjmp .L86
 989               	.LFE9:
 992               	prvAddCurrentTaskToDelayedList:
 993               	.LFB29:
 994               	.LM115:
 995               	.LVL64:
 996 0528 CF93      		push r28
 997 052a DF93      		push r29
 998               	/* prologue: function */
 999               	/* frame size = 0 */
 1000 052c EC01      		movw r28,r24
 1001               	.LM116:
 1002 052e E091 0000 		lds r30,pxCurrentTCB
 1003 0532 F091 0000 		lds r31,(pxCurrentTCB)+1
 1004 0536 9383      		std Z+3,r25
 1005 0538 8283      		std Z+2,r24
 1006               	.LM117:
 1007 053a 8091 0000 		lds r24,xTickCount
 1008 053e 9091 0000 		lds r25,(xTickCount)+1
 1009               	.LVL65:
 1010 0542 C817      		cp r28,r24
 1011 0544 D907      		cpc r29,r25
 1012 0546 00F4      		brsh .L88
 1013               	.LM118:
 1014 0548 8091 0000 		lds r24,pxOverflowDelayedTaskList
 1015 054c 9091 0000 		lds r25,(pxOverflowDelayedTaskList)+1
 1016 0550 6091 0000 		lds r22,pxCurrentTCB
 1017 0554 7091 0000 		lds r23,(pxCurrentTCB)+1
 1018 0558 6E5F      		subi r22,lo8(-(2))
 1019 055a 7F4F      		sbci r23,hi8(-(2))
 1020 055c 0E94 0000 		call vListInsert
 1021 0560 00C0      		rjmp .L90
 1022               	.L88:
 1023               	.LM119:
 1024 0562 8091 0000 		lds r24,pxDelayedTaskList
 1025 0566 9091 0000 		lds r25,(pxDelayedTaskList)+1
 1026 056a 6091 0000 		lds r22,pxCurrentTCB
 1027 056e 7091 0000 		lds r23,(pxCurrentTCB)+1
 1028 0572 6E5F      		subi r22,lo8(-(2))
 1029 0574 7F4F      		sbci r23,hi8(-(2))
 1030 0576 0E94 0000 		call vListInsert
 1031               	.LM120:
 1032 057a 8091 0000 		lds r24,xNextTaskUnblockTime
 1033 057e 9091 0000 		lds r25,(xNextTaskUnblockTime)+1
 1034 0582 C817      		cp r28,r24
 1035 0584 D907      		cpc r29,r25
 1036 0586 00F4      		brsh .L90
 1037               	.LM121:
 1038 0588 D093 0000 		sts (xNextTaskUnblockTime)+1,r29
 1039 058c C093 0000 		sts xNextTaskUnblockTime,r28
 1040               	.L90:
 1041               	/* epilogue start */
 1042               	.LM122:
 1043 0590 DF91      		pop r29
 1044 0592 CF91      		pop r28
 1045               	.LVL66:
 1046 0594 0895      		ret
 1047               	.LFE29:
 1049               	.global	vTaskPlaceOnEventListRestricted
 1051               	vTaskPlaceOnEventListRestricted:
 1052               	.LFB20:
 1053               	.LM123:
 1054               	.LVL67:
 1055 0596 0F93      		push r16
 1056 0598 1F93      		push r17
 1057               	/* prologue: function */
 1058               	/* frame size = 0 */
 1059 059a 8B01      		movw r16,r22
 1060               	.LM124:
 1061 059c 6091 0000 		lds r22,pxCurrentTCB
 1062 05a0 7091 0000 		lds r23,(pxCurrentTCB)+1
 1063               	.LVL68:
 1064 05a4 645F      		subi r22,lo8(-(12))
 1065 05a6 7F4F      		sbci r23,hi8(-(12))
 1066 05a8 0E94 0000 		call vListInsertEnd
 1067               	.LVL69:
 1068               	.LM125:
 1069 05ac 8091 0000 		lds r24,pxCurrentTCB
 1070 05b0 9091 0000 		lds r25,(pxCurrentTCB)+1
 1071 05b4 0296      		adiw r24,2
 1072 05b6 0E94 0000 		call vListRemove
 1073               	.LM126:
 1074 05ba 8091 0000 		lds r24,xTickCount
 1075 05be 9091 0000 		lds r25,(xTickCount)+1
 1076               	.LM127:
 1077 05c2 800F      		add r24,r16
 1078 05c4 911F      		adc r25,r17
 1079 05c6 0E94 0000 		call prvAddCurrentTaskToDelayedList
 1080               	/* epilogue start */
 1081               	.LM128:
 1082 05ca 1F91      		pop r17
 1083 05cc 0F91      		pop r16
 1084               	.LVL70:
 1085 05ce 0895      		ret
 1086               	.LFE20:
 1088               	.global	vTaskPlaceOnEventList
 1090               	vTaskPlaceOnEventList:
 1091               	.LFB19:
 1092               	.LM129:
 1093               	.LVL71:
 1094 05d0 CF93      		push r28
 1095 05d2 DF93      		push r29
 1096               	/* prologue: function */
 1097               	/* frame size = 0 */
 1098 05d4 EB01      		movw r28,r22
 1099               	.LM130:
 1100 05d6 6091 0000 		lds r22,pxCurrentTCB
 1101 05da 7091 0000 		lds r23,(pxCurrentTCB)+1
 1102               	.LVL72:
 1103 05de 645F      		subi r22,lo8(-(12))
 1104 05e0 7F4F      		sbci r23,hi8(-(12))
 1105 05e2 0E94 0000 		call vListInsert
 1106               	.LVL73:
 1107               	.LM131:
 1108 05e6 8091 0000 		lds r24,pxCurrentTCB
 1109 05ea 9091 0000 		lds r25,(pxCurrentTCB)+1
 1110 05ee 0296      		adiw r24,2
 1111 05f0 0E94 0000 		call vListRemove
 1112               	.LM132:
 1113 05f4 8FEF      		ldi r24,hi8(-1)
 1114 05f6 CF3F      		cpi r28,lo8(-1)
 1115 05f8 D807      		cpc r29,r24
 1116 05fa 01F4      		brne .L94
 1117               	.LM133:
 1118 05fc 6091 0000 		lds r22,pxCurrentTCB
 1119 0600 7091 0000 		lds r23,(pxCurrentTCB)+1
 1120 0604 6E5F      		subi r22,lo8(-(2))
 1121 0606 7F4F      		sbci r23,hi8(-(2))
 1122 0608 80E0      		ldi r24,lo8(xSuspendedTaskList)
 1123 060a 90E0      		ldi r25,hi8(xSuspendedTaskList)
 1124 060c 0E94 0000 		call vListInsertEnd
 1125 0610 00C0      		rjmp .L96
 1126               	.L94:
 1127               	.LM134:
 1128 0612 8091 0000 		lds r24,xTickCount
 1129 0616 9091 0000 		lds r25,(xTickCount)+1
 1130               	.LM135:
 1131 061a 8C0F      		add r24,r28
 1132 061c 9D1F      		adc r25,r29
 1133 061e 0E94 0000 		call prvAddCurrentTaskToDelayedList
 1134               	.L96:
 1135               	/* epilogue start */
 1136               	.LM136:
 1137 0622 DF91      		pop r29
 1138 0624 CF91      		pop r28
 1139               	.LVL74:
 1140 0626 0895      		ret
 1141               	.LFE19:
 1143               	.global	xTaskResumeAll
 1145               	xTaskResumeAll:
 1146               	.LFB13:
 1147               	.LM137:
 1148 0628 CF92      		push r12
 1149 062a DF92      		push r13
 1150 062c FF92      		push r15
 1151 062e 0F93      		push r16
 1152 0630 1F93      		push r17
 1153 0632 DF93      		push r29
 1154 0634 CF93      		push r28
 1155 0636 0F92      		push __tmp_reg__
 1156 0638 CDB7      		in r28,__SP_L__
 1157 063a DEB7      		in r29,__SP_H__
 1158               	/* prologue: function */
 1159               	/* frame size = 1 */
 1160               	.LM138:
 1161               	/* #APP */
 1162               	 ;  1174 "src/FreeRTOS/tasks.c" 1
 1163 063c 0FB6      		in		__tmp_reg__, __SREG__
 1164               	 ;  0 "" 2
 1165               	 ;  1174 "src/FreeRTOS/tasks.c" 1
 1166 063e F894      		cli
 1167               	 ;  0 "" 2
 1168               	 ;  1174 "src/FreeRTOS/tasks.c" 1
 1169 0640 0F92      		push	__tmp_reg__
 1170               	 ;  0 "" 2
 1171               	.LM139:
 1172               	/* #NOAPP */
 1173 0642 8091 0000 		lds r24,uxSchedulerSuspended
 1174 0646 8150      		subi r24,lo8(-(-1))
 1175 0648 8093 0000 		sts uxSchedulerSuspended,r24
 1176               	.LM140:
 1177 064c 8091 0000 		lds r24,uxSchedulerSuspended
 1178 0650 8823      		tst r24
 1179 0652 01F0      		breq .+2
 1180 0654 00C0      		rjmp .L98
 1181               	.LM141:
 1182 0656 8091 0000 		lds r24,uxCurrentNumberOfTasks
 1183 065a 8823      		tst r24
 1184 065c 01F4      		brne .+2
 1185 065e 00C0      		rjmp .L98
 1186 0660 1982      		std Y+1,__zero_reg__
 1187               	.LVL75:
 1188               	.LBB32:
 1189               	.LM142:
 1190 0662 29E0      		ldi r18,lo8(9)
 1191 0664 F22E      		mov r15,r18
 1192 0666 00C0      		rjmp .L111
 1193               	.LVL76:
 1194               	.L101:
 1195               	.LM143:
 1196 0668 E091 0000 		lds r30,xPendingReadyList+5
 1197 066c F091 0000 		lds r31,(xPendingReadyList+5)+1
 1198 0670 C680      		ldd r12,Z+6
 1199 0672 D780      		ldd r13,Z+7
 1200               	.LM144:
 1201 0674 C601      		movw r24,r12
 1202 0676 0C96      		adiw r24,12
 1203 0678 0E94 0000 		call vListRemove
 1204               	.LM145:
 1205 067c 8601      		movw r16,r12
 1206 067e 0E5F      		subi r16,lo8(-(2))
 1207 0680 1F4F      		sbci r17,hi8(-(2))
 1208 0682 C801      		movw r24,r16
 1209 0684 0E94 0000 		call vListRemove
 1210               	.LM146:
 1211 0688 D601      		movw r26,r12
 1212 068a 5696      		adiw r26,22
 1213 068c 9C91      		ld r25,X
 1214 068e 8091 0000 		lds r24,uxTopReadyPriority
 1215 0692 8917      		cp r24,r25
 1216 0694 00F4      		brsh .L100
 1217 0696 9093 0000 		sts uxTopReadyPriority,r25
 1218               	.L100:
 1219 069a 9F9D      		mul r25,r15
 1220 069c C001      		movw r24,r0
 1221 069e 1124      		clr r1
 1222 06a0 8050      		subi r24,lo8(-(pxReadyTasksLists))
 1223 06a2 9040      		sbci r25,hi8(-(pxReadyTasksLists))
 1224 06a4 B801      		movw r22,r16
 1225 06a6 0E94 0000 		call vListInsertEnd
 1226               	.LM147:
 1227 06aa E091 0000 		lds r30,pxCurrentTCB
 1228 06ae F091 0000 		lds r31,(pxCurrentTCB)+1
 1229 06b2 D601      		movw r26,r12
 1230 06b4 5696      		adiw r26,22
 1231 06b6 9C91      		ld r25,X
 1232 06b8 8689      		ldd r24,Z+22
 1233 06ba 9817      		cp r25,r24
 1234 06bc 00F0      		brlo .L111
 1235 06be B1E0      		ldi r27,lo8(1)
 1236 06c0 B983      		std Y+1,r27
 1237               	.LVL77:
 1238               	.L111:
 1239               	.LM148:
 1240 06c2 8091 0000 		lds r24,xPendingReadyList
 1241 06c6 8823      		tst r24
 1242 06c8 01F4      		brne .L101
 1243               	.LM149:
 1244 06ca 8091 0000 		lds r24,uxMissedTicks
 1245 06ce 8823      		tst r24
 1246 06d0 01F4      		brne .L110
 1247 06d2 00C0      		rjmp .L113
 1248               	.L104:
 1249               	.LM150:
 1250 06d4 0E94 0000 		call vTaskIncrementTick
 1251               	.LM151:
 1252 06d8 8091 0000 		lds r24,uxMissedTicks
 1253 06dc 8150      		subi r24,lo8(-(-1))
 1254 06de 8093 0000 		sts uxMissedTicks,r24
 1255               	.L110:
 1256               	.LM152:
 1257 06e2 8091 0000 		lds r24,uxMissedTicks
 1258 06e6 8823      		tst r24
 1259 06e8 01F4      		brne .L104
 1260 06ea 00C0      		rjmp .L105
 1261               	.L113:
 1262               	.LM153:
 1263 06ec E981      		ldd r30,Y+1
 1264 06ee E130      		cpi r30,lo8(1)
 1265 06f0 01F0      		breq .L105
 1266 06f2 8091 0000 		lds r24,xMissedYield
 1267 06f6 8130      		cpi r24,lo8(1)
 1268 06f8 01F4      		brne .L98
 1269               	.L105:
 1270               	.LM154:
 1271 06fa 1092 0000 		sts xMissedYield,__zero_reg__
 1272               	.LM155:
 1273 06fe 0E94 0000 		call vPortYield
 1274 0702 81E0      		ldi r24,lo8(1)
 1275               	.LVL78:
 1276 0704 00C0      		rjmp .L106
 1277               	.LVL79:
 1278               	.L98:
 1279 0706 80E0      		ldi r24,lo8(0)
 1280               	.LVL80:
 1281               	.L106:
 1282               	.LBE32:
 1283               	.LM156:
 1284               	/* #APP */
 1285               	 ;  1231 "src/FreeRTOS/tasks.c" 1
 1286 0708 0F90      		pop		__tmp_reg__
 1287               	 ;  0 "" 2
 1288               	 ;  1231 "src/FreeRTOS/tasks.c" 1
 1289 070a 0FBE      		out		__SREG__, __tmp_reg__
 1290               	 ;  0 "" 2
 1291               	.LVL81:
 1292               	/* epilogue start */
 1293               	.LM157:
 1294               	/* #NOAPP */
 1295 070c 0F90      		pop __tmp_reg__
 1296 070e CF91      		pop r28
 1297 0710 DF91      		pop r29
 1298 0712 1F91      		pop r17
 1299 0714 0F91      		pop r16
 1300 0716 FF90      		pop r15
 1301 0718 DF90      		pop r13
 1302 071a CF90      		pop r12
 1303               	.LVL82:
 1304 071c 0895      		ret
 1305               	.LFE13:
 1308               	prvIdleTask:
 1309               	.LFB25:
 1310               	.LM158:
 1311               	/* prologue: function */
 1312               	/* frame size = 0 */
 1313               	.LVL83:
 1314               	.L119:
 1315               	.LM159:
 1316 071e 8091 0000 		lds r24,pxReadyTasksLists
 1317               	.LVL84:
 1318 0722 8230      		cpi r24,lo8(2)
 1319 0724 00F0      		brlo .L119
 1320               	.LM160:
 1321 0726 0E94 0000 		call vPortYield
 1322 072a 00C0      		rjmp .L119
 1323               	.LFE25:
 1325               	.global	vTaskResume
 1327               	vTaskResume:
 1328               	.LFB8:
 1329               	.LM161:
 1330               	.LVL85:
 1331 072c 0F93      		push r16
 1332 072e 1F93      		push r17
 1333 0730 CF93      		push r28
 1334 0732 DF93      		push r29
 1335               	/* prologue: function */
 1336               	/* frame size = 0 */
 1337               	.LM162:
 1338 0734 EC01      		movw r28,r24
 1339               	.LVL86:
 1340               	.LM163:
 1341 0736 0097      		sbiw r24,0
 1342               	.LVL87:
 1343 0738 01F4      		brne .+2
 1344 073a 00C0      		rjmp .L126
 1345 073c 8091 0000 		lds r24,pxCurrentTCB
 1346 0740 9091 0000 		lds r25,(pxCurrentTCB)+1
 1347               	.LVL88:
 1348 0744 C817      		cp r28,r24
 1349 0746 D907      		cpc r29,r25
 1350               	.LVL89:
 1351 0748 01F0      		breq .L126
 1352               	.LM164:
 1353               	/* #APP */
 1354               	 ;  1016 "src/FreeRTOS/tasks.c" 1
 1355 074a 0FB6      		in		__tmp_reg__, __SREG__
 1356               	 ;  0 "" 2
 1357               	 ;  1016 "src/FreeRTOS/tasks.c" 1
 1358 074c F894      		cli
 1359               	 ;  0 "" 2
 1360               	 ;  1016 "src/FreeRTOS/tasks.c" 1
 1361 074e 0F92      		push	__tmp_reg__
 1362               	 ;  0 "" 2
 1363               	/* #NOAPP */
 1364               	.LBB33:
 1365               	.LBB34:
 1366               	.LM165:
 1367 0750 8A85      		ldd r24,Y+10
 1368 0752 9B85      		ldd r25,Y+11
 1369 0754 8050      		subi r24,lo8(xSuspendedTaskList)
 1370 0756 9040      		sbci r25,hi8(xSuspendedTaskList)
 1371 0758 01F4      		brne .L122
 1372               	.LM166:
 1373 075a 8C89      		ldd r24,Y+20
 1374 075c 9D89      		ldd r25,Y+21
 1375 075e 20E0      		ldi r18,hi8(xPendingReadyList)
 1376 0760 8030      		cpi r24,lo8(xPendingReadyList)
 1377 0762 9207      		cpc r25,r18
 1378 0764 01F0      		breq .L122
 1379               	.LM167:
 1380 0766 892B      		or r24,r25
 1381 0768 01F4      		brne .L122
 1382 076a 00C0      		rjmp .L127
 1383               	.L124:
 1384               	.LBE34:
 1385               	.LBE33:
 1386               	.LM168:
 1387 076c 9093 0000 		sts uxTopReadyPriority,r25
 1388               	.L125:
 1389 0770 89E0      		ldi r24,lo8(9)
 1390 0772 989F      		mul r25,r24
 1391 0774 C001      		movw r24,r0
 1392 0776 1124      		clr r1
 1393 0778 8050      		subi r24,lo8(-(pxReadyTasksLists))
 1394 077a 9040      		sbci r25,hi8(-(pxReadyTasksLists))
 1395 077c B801      		movw r22,r16
 1396 077e 0E94 0000 		call vListInsertEnd
 1397               	.LM169:
 1398 0782 E091 0000 		lds r30,pxCurrentTCB
 1399 0786 F091 0000 		lds r31,(pxCurrentTCB)+1
 1400 078a 9E89      		ldd r25,Y+22
 1401 078c 8689      		ldd r24,Z+22
 1402 078e 9817      		cp r25,r24
 1403 0790 00F0      		brlo .L122
 1404               	.LM170:
 1405 0792 0E94 0000 		call vPortYield
 1406               	.L122:
 1407               	.LM171:
 1408               	/* #APP */
 1409               	 ;  1036 "src/FreeRTOS/tasks.c" 1
 1410 0796 0F90      		pop		__tmp_reg__
 1411               	 ;  0 "" 2
 1412               	 ;  1036 "src/FreeRTOS/tasks.c" 1
 1413 0798 0FBE      		out		__SREG__, __tmp_reg__
 1414               	 ;  0 "" 2
 1415               	/* #NOAPP */
 1416 079a 00C0      		rjmp .L126
 1417               	.L127:
 1418               	.LM172:
 1419 079c 8E01      		movw r16,r28
 1420 079e 0E5F      		subi r16,lo8(-(2))
 1421 07a0 1F4F      		sbci r17,hi8(-(2))
 1422 07a2 C801      		movw r24,r16
 1423 07a4 0E94 0000 		call vListRemove
 1424               	.LM173:
 1425 07a8 9E89      		ldd r25,Y+22
 1426 07aa 8091 0000 		lds r24,uxTopReadyPriority
 1427 07ae 8917      		cp r24,r25
 1428 07b0 00F0      		brlo .L124
 1429 07b2 00C0      		rjmp .L125
 1430               	.LVL90:
 1431               	.L126:
 1432               	/* epilogue start */
 1433               	.LM174:
 1434 07b4 DF91      		pop r29
 1435 07b6 CF91      		pop r28
 1436               	.LVL91:
 1437 07b8 1F91      		pop r17
 1438 07ba 0F91      		pop r16
 1439 07bc 0895      		ret
 1440               	.LFE8:
 1442               	.global	vTaskSuspend
 1444               	vTaskSuspend:
 1445               	.LFB6:
 1446               	.LM175:
 1447               	.LVL92:
 1448 07be EF92      		push r14
 1449 07c0 FF92      		push r15
 1450 07c2 0F93      		push r16
 1451 07c4 1F93      		push r17
 1452 07c6 CF93      		push r28
 1453 07c8 DF93      		push r29
 1454               	/* prologue: function */
 1455               	/* frame size = 0 */
 1456 07ca 8C01      		movw r16,r24
 1457               	.LM176:
 1458               	/* #APP */
 1459               	 ;  907 "src/FreeRTOS/tasks.c" 1
 1460 07cc 0FB6      		in		__tmp_reg__, __SREG__
 1461               	 ;  0 "" 2
 1462               	 ;  907 "src/FreeRTOS/tasks.c" 1
 1463 07ce F894      		cli
 1464               	 ;  0 "" 2
 1465               	 ;  907 "src/FreeRTOS/tasks.c" 1
 1466 07d0 0F92      		push	__tmp_reg__
 1467               	 ;  0 "" 2
 1468               	.LM177:
 1469               	/* #NOAPP */
 1470 07d2 8091 0000 		lds r24,pxCurrentTCB
 1471 07d6 9091 0000 		lds r25,(pxCurrentTCB)+1
 1472               	.LVL93:
 1473 07da 0817      		cp r16,r24
 1474 07dc 1907      		cpc r17,r25
 1475 07de 01F4      		brne .L129
 1476 07e0 00E0      		ldi r16,lo8(0)
 1477 07e2 10E0      		ldi r17,hi8(0)
 1478 07e4 00C0      		rjmp .L130
 1479               	.L129:
 1480               	.LM178:
 1481 07e6 0115      		cp r16,__zero_reg__
 1482 07e8 1105      		cpc r17,__zero_reg__
 1483 07ea 01F4      		brne .L131
 1484               	.L130:
 1485 07ec C091 0000 		lds r28,pxCurrentTCB
 1486 07f0 D091 0000 		lds r29,(pxCurrentTCB)+1
 1487               	.LVL94:
 1488 07f4 00C0      		rjmp .L132
 1489               	.LVL95:
 1490               	.L131:
 1491 07f6 E801      		movw r28,r16
 1492               	.LVL96:
 1493               	.L132:
 1494               	.LM179:
 1495 07f8 32E0      		ldi r19,lo8(2)
 1496 07fa E32E      		mov r14,r19
 1497 07fc F12C      		mov r15,__zero_reg__
 1498 07fe EC0E      		add r14,r28
 1499 0800 FD1E      		adc r15,r29
 1500 0802 C701      		movw r24,r14
 1501 0804 0E94 0000 		call vListRemove
 1502               	.LM180:
 1503 0808 8C89      		ldd r24,Y+20
 1504 080a 9D89      		ldd r25,Y+21
 1505 080c 892B      		or r24,r25
 1506 080e 01F0      		breq .L133
 1507               	.LM181:
 1508 0810 CE01      		movw r24,r28
 1509 0812 0C96      		adiw r24,12
 1510 0814 0E94 0000 		call vListRemove
 1511               	.L133:
 1512               	.LM182:
 1513 0818 80E0      		ldi r24,lo8(xSuspendedTaskList)
 1514 081a 90E0      		ldi r25,hi8(xSuspendedTaskList)
 1515 081c B701      		movw r22,r14
 1516 081e 0E94 0000 		call vListInsertEnd
 1517               	.LM183:
 1518               	/* #APP */
 1519               	 ;  932 "src/FreeRTOS/tasks.c" 1
 1520 0822 0F90      		pop		__tmp_reg__
 1521               	 ;  0 "" 2
 1522               	 ;  932 "src/FreeRTOS/tasks.c" 1
 1523 0824 0FBE      		out		__SREG__, __tmp_reg__
 1524               	 ;  0 "" 2
 1525               	.LM184:
 1526               	/* #NOAPP */
 1527 0826 012B      		or r16,r17
 1528 0828 01F4      		brne .L137
 1529               	.LM185:
 1530 082a 8091 0000 		lds r24,xSchedulerRunning
 1531 082e 8823      		tst r24
 1532 0830 01F0      		breq .L135
 1533               	.LM186:
 1534 0832 0E94 0000 		call vPortYield
 1535 0836 00C0      		rjmp .L137
 1536               	.L135:
 1537               	.LM187:
 1538 0838 8091 0000 		lds r24,uxCurrentNumberOfTasks
 1539 083c 8130      		cpi r24,lo8(1)
 1540 083e 01F4      		brne .L136
 1541               	.LM188:
 1542 0840 1092 0000 		sts (pxCurrentTCB)+1,__zero_reg__
 1543 0844 1092 0000 		sts pxCurrentTCB,__zero_reg__
 1544 0848 00C0      		rjmp .L137
 1545               	.L136:
 1546               	.LM189:
 1547 084a 0E94 0000 		call vTaskSwitchContext
 1548               	.L137:
 1549               	/* epilogue start */
 1550               	.LM190:
 1551 084e DF91      		pop r29
 1552 0850 CF91      		pop r28
 1553               	.LVL97:
 1554 0852 1F91      		pop r17
 1555 0854 0F91      		pop r16
 1556               	.LVL98:
 1557 0856 FF90      		pop r15
 1558 0858 EF90      		pop r14
 1559 085a 0895      		ret
 1560               	.LFE6:
 1562               	.global	vTaskDelay
 1564               	vTaskDelay:
 1565               	.LFB5:
 1566               	.LM191:
 1567               	.LVL99:
 1568 085c 0F93      		push r16
 1569 085e 1F93      		push r17
 1570 0860 CF93      		push r28
 1571 0862 DF93      		push r29
 1572               	/* prologue: function */
 1573               	/* frame size = 0 */
 1574 0864 EC01      		movw r28,r24
 1575               	.LM192:
 1576 0866 0097      		sbiw r24,0
 1577 0868 01F0      		breq .L139
 1578               	.LBB35:
 1579               	.LBB36:
 1580               	.LM193:
 1581 086a 8091 0000 		lds r24,uxSchedulerSuspended
 1582               	.LVL100:
 1583 086e 8F5F      		subi r24,lo8(-(1))
 1584 0870 8093 0000 		sts uxSchedulerSuspended,r24
 1585               	.LBE36:
 1586               	.LBE35:
 1587               	.LM194:
 1588 0874 0091 0000 		lds r16,xTickCount
 1589 0878 1091 0000 		lds r17,(xTickCount)+1
 1590               	.LM195:
 1591 087c 8091 0000 		lds r24,pxCurrentTCB
 1592 0880 9091 0000 		lds r25,(pxCurrentTCB)+1
 1593 0884 0296      		adiw r24,2
 1594 0886 0E94 0000 		call vListRemove
 1595               	.LM196:
 1596 088a CE01      		movw r24,r28
 1597 088c 800F      		add r24,r16
 1598 088e 911F      		adc r25,r17
 1599 0890 0E94 0000 		call prvAddCurrentTaskToDelayedList
 1600               	.LM197:
 1601 0894 0E94 0000 		call xTaskResumeAll
 1602               	.LM198:
 1603 0898 8823      		tst r24
 1604 089a 01F4      		brne .L141
 1605               	.LVL101:
 1606               	.L139:
 1607               	.LM199:
 1608 089c 0E94 0000 		call vPortYield
 1609               	.L141:
 1610               	/* epilogue start */
 1611               	.LM200:
 1612 08a0 DF91      		pop r29
 1613 08a2 CF91      		pop r28
 1614               	.LVL102:
 1615 08a4 1F91      		pop r17
 1616 08a6 0F91      		pop r16
 1617 08a8 0895      		ret
 1618               	.LFE5:
 1620               	.global	vTaskDelayUntil
 1622               	vTaskDelayUntil:
 1623               	.LFB4:
 1624               	.LM201:
 1625               	.LVL103:
 1626 08aa CF93      		push r28
 1627 08ac DF93      		push r29
 1628               	/* prologue: function */
 1629               	/* frame size = 0 */
 1630 08ae FC01      		movw r30,r24
 1631 08b0 EB01      		movw r28,r22
 1632               	.LVL104:
 1633               	.LBB37:
 1634               	.LBB38:
 1635               	.LM202:
 1636 08b2 8091 0000 		lds r24,uxSchedulerSuspended
 1637               	.LVL105:
 1638 08b6 8F5F      		subi r24,lo8(-(1))
 1639 08b8 8093 0000 		sts uxSchedulerSuspended,r24
 1640               	.LBE38:
 1641               	.LBE37:
 1642               	.LM203:
 1643 08bc 2081      		ld r18,Z
 1644 08be 3181      		ldd r19,Z+1
 1645 08c0 C20F      		add r28,r18
 1646 08c2 D31F      		adc r29,r19
 1647               	.LM204:
 1648 08c4 8091 0000 		lds r24,xTickCount
 1649 08c8 9091 0000 		lds r25,(xTickCount)+1
 1650 08cc 8217      		cp r24,r18
 1651 08ce 9307      		cpc r25,r19
 1652 08d0 00F4      		brsh .L143
 1653               	.LM205:
 1654 08d2 C217      		cp r28,r18
 1655 08d4 D307      		cpc r29,r19
 1656 08d6 00F0      		brlo .L147
 1657 08d8 20E0      		ldi r18,lo8(0)
 1658               	.LVL106:
 1659 08da 00C0      		rjmp .L145
 1660               	.LVL107:
 1661               	.L143:
 1662               	.LM206:
 1663 08dc C217      		cp r28,r18
 1664 08de D307      		cpc r29,r19
 1665 08e0 00F0      		brlo .L152
 1666               	.L147:
 1667 08e2 8091 0000 		lds r24,xTickCount
 1668 08e6 9091 0000 		lds r25,(xTickCount)+1
 1669 08ea 20E0      		ldi r18,lo8(0)
 1670               	.LVL108:
 1671 08ec 8C17      		cp r24,r28
 1672 08ee 9D07      		cpc r25,r29
 1673 08f0 00F4      		brsh .L145
 1674               	.L152:
 1675 08f2 21E0      		ldi r18,lo8(1)
 1676               	.L145:
 1677               	.LM207:
 1678 08f4 D183      		std Z+1,r29
 1679 08f6 C083      		st Z,r28
 1680               	.LM208:
 1681 08f8 2223      		tst r18
 1682 08fa 01F0      		breq .L149
 1683               	.LM209:
 1684 08fc 8091 0000 		lds r24,pxCurrentTCB
 1685 0900 9091 0000 		lds r25,(pxCurrentTCB)+1
 1686 0904 0296      		adiw r24,2
 1687 0906 0E94 0000 		call vListRemove
 1688               	.LVL109:
 1689               	.LM210:
 1690 090a CE01      		movw r24,r28
 1691 090c 0E94 0000 		call prvAddCurrentTaskToDelayedList
 1692               	.LVL110:
 1693               	.L149:
 1694               	.LM211:
 1695 0910 0E94 0000 		call xTaskResumeAll
 1696               	.LVL111:
 1697               	.LM212:
 1698 0914 8823      		tst r24
 1699 0916 01F4      		brne .L151
 1700               	.LM213:
 1701 0918 0E94 0000 		call vPortYield
 1702               	.L151:
 1703               	/* epilogue start */
 1704               	.LM214:
 1705 091c DF91      		pop r29
 1706 091e CF91      		pop r28
 1707               	.LVL112:
 1708 0920 0895      		ret
 1709               	.LFE4:
 1711               	.global	vTaskEndScheduler
 1713               	vTaskEndScheduler:
 1714               	.LFB11:
 1715               	.LM215:
 1716               	/* prologue: function */
 1717               	/* frame size = 0 */
 1718               	.LM216:
 1719               	/* #APP */
 1720               	 ;  1146 "src/FreeRTOS/tasks.c" 1
 1721 0922 F894      		cli
 1722               	 ;  0 "" 2
 1723               	.LM217:
 1724               	/* #NOAPP */
 1725 0924 1092 0000 		sts xSchedulerRunning,__zero_reg__
 1726               	.LM218:
 1727 0928 0E94 0000 		call vPortEndScheduler
 1728               	/* epilogue start */
 1729               	.LM219:
 1730 092c 0895      		ret
 1731               	.LFE11:
 1733               	.global	xTaskGenericCreate
 1735               	xTaskGenericCreate:
 1736               	.LFB3:
 1737               	.LM220:
 1738               	.LVL113:
 1739 092e 2F92      		push r2
 1740 0930 3F92      		push r3
 1741 0932 4F92      		push r4
 1742 0934 5F92      		push r5
 1743 0936 7F92      		push r7
 1744 0938 8F92      		push r8
 1745 093a 9F92      		push r9
 1746 093c AF92      		push r10
 1747               	.LVL114:
 1748 093e BF92      		push r11
 1749 0940 CF92      		push r12
 1750               	.LVL115:
 1751 0942 DF92      		push r13
 1752 0944 EF92      		push r14
 1753               	.LVL116:
 1754 0946 FF92      		push r15
 1755 0948 0F93      		push r16
 1756               	.LVL117:
 1757 094a 1F93      		push r17
 1758 094c CF93      		push r28
 1759 094e DF93      		push r29
 1760               	/* prologue: function */
 1761               	/* frame size = 0 */
 1762 0950 1C01      		movw r2,r24
 1763 0952 4B01      		movw r8,r22
 1764 0954 5A01      		movw r10,r20
 1765 0956 2901      		movw r4,r18
 1766 0958 702E      		mov r7,r16
 1767               	.LVL118:
 1768 095a E601      		movw r28,r12
 1769               	.LVL119:
 1770               	.LBB39:
 1771               	.LM221:
 1772 095c 82E2      		ldi r24,lo8(34)
 1773 095e 90E0      		ldi r25,hi8(34)
 1774               	.LVL120:
 1775 0960 0E94 0000 		call pvPortMalloc
 1776               	.LVL121:
 1777               	.LBB40:
 1778 0964 6C01      		movw r12,r24
 1779               	.LVL122:
 1780               	.LM222:
 1781 0966 0097      		sbiw r24,0
 1782               	.LVL123:
 1783 0968 01F0      		breq .L170
 1784               	.LVL124:
 1785               	.L156:
 1786               	.LM223:
 1787 096a 2097      		sbiw r28,0
 1788 096c 01F4      		brne .L158
 1789               	.LBE40:
 1790 096e C501      		movw r24,r10
 1791               	.LVL125:
 1792 0970 0E94 0000 		call pvPortMalloc
 1793               	.LBB41:
 1794 0974 EC01      		movw r28,r24
 1795               	.LVL126:
 1796               	.L158:
 1797 0976 F601      		movw r30,r12
 1798 0978 D08F      		std Z+24,r29
 1799 097a C78B      		std Z+23,r28
 1800               	.LM224:
 1801 097c 2097      		sbiw r28,0
 1802 097e 01F4      		brne .L159
 1803               	.LVL127:
 1804               	.LM225:
 1805 0980 C601      		movw r24,r12
 1806 0982 0E94 0000 		call vPortFree
 1807               	.LVL128:
 1808               	.L170:
 1809 0986 8FEF      		ldi r24,lo8(-1)
 1810               	.LVL129:
 1811 0988 00C0      		rjmp .L157
 1812               	.LVL130:
 1813               	.L159:
 1814               	.LM226:
 1815 098a CE01      		movw r24,r28
 1816 098c 65EA      		ldi r22,lo8(165)
 1817 098e 70E0      		ldi r23,hi8(165)
 1818 0990 A501      		movw r20,r10
 1819 0992 0E94 0000 		call memset
 1820               	.LBE41:
 1821               	.LBE39:
 1822               	.LBB42:
 1823               	.LM227:
 1824 0996 0894      		sec
 1825 0998 A108      		sbc r10,__zero_reg__
 1826 099a B108      		sbc r11,__zero_reg__
 1827 099c F601      		movw r30,r12
 1828 099e C789      		ldd r28,Z+23
 1829 09a0 D08D      		ldd r29,Z+24
 1830               	.LVL131:
 1831 09a2 CA0D      		add r28,r10
 1832 09a4 DB1D      		adc r29,r11
 1833               	.LBB43:
 1834               	.LBB44:
 1835               	.LM228:
 1836 09a6 C601      		movw r24,r12
 1837 09a8 4996      		adiw r24,25
 1838 09aa B401      		movw r22,r8
 1839 09ac 48E0      		ldi r20,lo8(8)
 1840 09ae 50E0      		ldi r21,hi8(8)
 1841 09b0 0E94 0000 		call strncpy
 1842               	.LM229:
 1843 09b4 F601      		movw r30,r12
 1844 09b6 10A2      		std Z+32,__zero_reg__
 1845 09b8 072D      		mov r16,r7
 1846 09ba F4E0      		ldi r31,lo8(4)
 1847 09bc F715      		cp r31,r7
 1848 09be 00F4      		brsh .L160
 1849 09c0 04E0      		ldi r16,lo8(4)
 1850               	.LVL132:
 1851               	.L160:
 1852               	.LM230:
 1853 09c2 F601      		movw r30,r12
 1854 09c4 068B      		std Z+22,r16
 1855               	.LM231:
 1856 09c6 01A3      		std Z+33,r16
 1857               	.LM232:
 1858 09c8 52E0      		ldi r21,lo8(2)
 1859 09ca A52E      		mov r10,r21
 1860 09cc B12C      		mov r11,__zero_reg__
 1861               	.LVL133:
 1862 09ce AC0C      		add r10,r12
 1863 09d0 BD1C      		adc r11,r13
 1864 09d2 C501      		movw r24,r10
 1865 09d4 0E94 0000 		call vListInitialiseItem
 1866               	.LM233:
 1867 09d8 C601      		movw r24,r12
 1868 09da 0C96      		adiw r24,12
 1869 09dc 0E94 0000 		call vListInitialiseItem
 1870               	.LM234:
 1871 09e0 F601      		movw r30,r12
 1872 09e2 D186      		std Z+9,r13
 1873 09e4 C086      		std Z+8,r12
 1874               	.LM235:
 1875 09e6 85E0      		ldi r24,lo8(5)
 1876 09e8 90E0      		ldi r25,hi8(5)
 1877 09ea 801B      		sub r24,r16
 1878 09ec 9109      		sbc r25,__zero_reg__
 1879 09ee 9587      		std Z+13,r25
 1880 09f0 8487      		std Z+12,r24
 1881               	.LM236:
 1882 09f2 D38A      		std Z+19,r13
 1883 09f4 C28A      		std Z+18,r12
 1884               	.LBE44:
 1885               	.LBE43:
 1886               	.LM237:
 1887 09f6 CE01      		movw r24,r28
 1888 09f8 B101      		movw r22,r2
 1889 09fa A201      		movw r20,r4
 1890 09fc 0E94 0000 		call pxPortInitialiseStack
 1891 0a00 F601      		movw r30,r12
 1892 0a02 9183      		std Z+1,r25
 1893 0a04 8083      		st Z,r24
 1894               	.LM238:
 1895 0a06 E114      		cp r14,__zero_reg__
 1896 0a08 F104      		cpc r15,__zero_reg__
 1897               	.LVL134:
 1898 0a0a 01F0      		breq .L161
 1899               	.LM239:
 1900 0a0c F701      		movw r30,r14
 1901 0a0e D182      		std Z+1,r13
 1902 0a10 C082      		st Z,r12
 1903               	.L161:
 1904               	.LM240:
 1905               	/* #APP */
 1906               	 ;  518 "src/FreeRTOS/tasks.c" 1
 1907 0a12 0FB6      		in		__tmp_reg__, __SREG__
 1908               	 ;  0 "" 2
 1909               	 ;  518 "src/FreeRTOS/tasks.c" 1
 1910 0a14 F894      		cli
 1911               	 ;  0 "" 2
 1912               	 ;  518 "src/FreeRTOS/tasks.c" 1
 1913 0a16 0F92      		push	__tmp_reg__
 1914               	 ;  0 "" 2
 1915               	.LM241:
 1916               	/* #NOAPP */
 1917 0a18 8091 0000 		lds r24,uxCurrentNumberOfTasks
 1918 0a1c 8F5F      		subi r24,lo8(-(1))
 1919 0a1e 8093 0000 		sts uxCurrentNumberOfTasks,r24
 1920               	.LM242:
 1921 0a22 8091 0000 		lds r24,pxCurrentTCB
 1922 0a26 9091 0000 		lds r25,(pxCurrentTCB)+1
 1923 0a2a 892B      		or r24,r25
 1924 0a2c 01F4      		brne .L162
 1925               	.LM243:
 1926 0a2e D092 0000 		sts (pxCurrentTCB)+1,r13
 1927 0a32 C092 0000 		sts pxCurrentTCB,r12
 1928               	.LM244:
 1929 0a36 8091 0000 		lds r24,uxCurrentNumberOfTasks
 1930 0a3a 8130      		cpi r24,lo8(1)
 1931 0a3c 01F4      		brne .L163
 1932 0a3e C0E0      		ldi r28,lo8(pxReadyTasksLists)
 1933 0a40 D0E0      		ldi r29,hi8(pxReadyTasksLists)
 1934               	.LVL135:
 1935               	.L164:
 1936               	.LBB45:
 1937               	.LBB46:
 1938               	.LM245:
 1939 0a42 CE01      		movw r24,r28
 1940 0a44 0E94 0000 		call vListInitialise
 1941 0a48 2996      		adiw r28,9
 1942               	.LM246:
 1943 0a4a F0E0      		ldi r31,hi8(pxReadyTasksLists+45)
 1944 0a4c C030      		cpi r28,lo8(pxReadyTasksLists+45)
 1945 0a4e DF07      		cpc r29,r31
 1946 0a50 01F4      		brne .L164
 1947               	.LM247:
 1948 0a52 40E0      		ldi r20,lo8(xDelayedTaskList1)
 1949 0a54 E42E      		mov r14,r20
 1950 0a56 40E0      		ldi r20,hi8(xDelayedTaskList1)
 1951 0a58 F42E      		mov r15,r20
 1952               	.LVL136:
 1953 0a5a C701      		movw r24,r14
 1954 0a5c 0E94 0000 		call vListInitialise
 1955               	.LM248:
 1956 0a60 00E0      		ldi r16,lo8(xDelayedTaskList2)
 1957 0a62 10E0      		ldi r17,hi8(xDelayedTaskList2)
 1958               	.LVL137:
 1959 0a64 C801      		movw r24,r16
 1960 0a66 0E94 0000 		call vListInitialise
 1961               	.LM249:
 1962 0a6a 80E0      		ldi r24,lo8(xPendingReadyList)
 1963 0a6c 90E0      		ldi r25,hi8(xPendingReadyList)
 1964 0a6e 0E94 0000 		call vListInitialise
 1965               	.LM250:
 1966 0a72 80E0      		ldi r24,lo8(xSuspendedTaskList)
 1967 0a74 90E0      		ldi r25,hi8(xSuspendedTaskList)
 1968 0a76 0E94 0000 		call vListInitialise
 1969               	.LM251:
 1970 0a7a F092 0000 		sts (pxDelayedTaskList)+1,r15
 1971 0a7e E092 0000 		sts pxDelayedTaskList,r14
 1972               	.LM252:
 1973 0a82 1093 0000 		sts (pxOverflowDelayedTaskList)+1,r17
 1974 0a86 0093 0000 		sts pxOverflowDelayedTaskList,r16
 1975 0a8a 00C0      		rjmp .L163
 1976               	.LVL138:
 1977               	.L162:
 1978               	.LBE46:
 1979               	.LBE45:
 1980               	.LM253:
 1981 0a8c 8091 0000 		lds r24,xSchedulerRunning
 1982 0a90 8823      		tst r24
 1983 0a92 01F4      		brne .L163
 1984               	.LM254:
 1985 0a94 E091 0000 		lds r30,pxCurrentTCB
 1986 0a98 F091 0000 		lds r31,(pxCurrentTCB)+1
 1987 0a9c 8689      		ldd r24,Z+22
 1988 0a9e 7816      		cp r7,r24
 1989 0aa0 00F0      		brlo .L163
 1990               	.LVL139:
 1991               	.LM255:
 1992 0aa2 D092 0000 		sts (pxCurrentTCB)+1,r13
 1993 0aa6 C092 0000 		sts pxCurrentTCB,r12
 1994               	.L163:
 1995               	.LM256:
 1996 0aaa F601      		movw r30,r12
 1997 0aac 9689      		ldd r25,Z+22
 1998 0aae 8091 0000 		lds r24,uxTopUsedPriority
 1999 0ab2 8917      		cp r24,r25
 2000 0ab4 00F4      		brsh .L165
 2001               	.LM257:
 2002 0ab6 9093 0000 		sts uxTopUsedPriority,r25
 2003               	.L165:
 2004               	.LM258:
 2005 0aba 8091 0000 		lds r24,uxTaskNumber
 2006 0abe 8F5F      		subi r24,lo8(-(1))
 2007 0ac0 8093 0000 		sts uxTaskNumber,r24
 2008               	.LM259:
 2009 0ac4 F601      		movw r30,r12
 2010 0ac6 9689      		ldd r25,Z+22
 2011 0ac8 8091 0000 		lds r24,uxTopReadyPriority
 2012 0acc 8917      		cp r24,r25
 2013 0ace 00F4      		brsh .L166
 2014 0ad0 9093 0000 		sts uxTopReadyPriority,r25
 2015               	.L166:
 2016 0ad4 F601      		movw r30,r12
 2017 0ad6 8689      		ldd r24,Z+22
 2018 0ad8 29E0      		ldi r18,lo8(9)
 2019 0ada 829F      		mul r24,r18
 2020 0adc C001      		movw r24,r0
 2021 0ade 1124      		clr r1
 2022 0ae0 8050      		subi r24,lo8(-(pxReadyTasksLists))
 2023 0ae2 9040      		sbci r25,hi8(-(pxReadyTasksLists))
 2024 0ae4 B501      		movw r22,r10
 2025 0ae6 0E94 0000 		call vListInsertEnd
 2026               	.LM260:
 2027               	/* #APP */
 2028               	 ;  569 "src/FreeRTOS/tasks.c" 1
 2029 0aea 0F90      		pop		__tmp_reg__
 2030               	 ;  0 "" 2
 2031               	 ;  569 "src/FreeRTOS/tasks.c" 1
 2032 0aec 0FBE      		out		__SREG__, __tmp_reg__
 2033               	 ;  0 "" 2
 2034               	/* #NOAPP */
 2035               	.LBE42:
 2036               	.LM261:
 2037 0aee 8091 0000 		lds r24,xSchedulerRunning
 2038 0af2 8823      		tst r24
 2039 0af4 01F0      		breq .L167
 2040               	.LM262:
 2041 0af6 E091 0000 		lds r30,pxCurrentTCB
 2042 0afa F091 0000 		lds r31,(pxCurrentTCB)+1
 2043 0afe 8689      		ldd r24,Z+22
 2044 0b00 8715      		cp r24,r7
 2045 0b02 00F4      		brsh .L167
 2046               	.LM263:
 2047 0b04 0E94 0000 		call vPortYield
 2048               	.L167:
 2049 0b08 81E0      		ldi r24,lo8(1)
 2050               	.LVL140:
 2051               	.L157:
 2052               	.LVL141:
 2053               	/* epilogue start */
 2054               	.LM264:
 2055 0b0a DF91      		pop r29
 2056 0b0c CF91      		pop r28
 2057               	.LVL142:
 2058 0b0e 1F91      		pop r17
 2059 0b10 0F91      		pop r16
 2060 0b12 FF90      		pop r15
 2061 0b14 EF90      		pop r14
 2062               	.LVL143:
 2063 0b16 DF90      		pop r13
 2064 0b18 CF90      		pop r12
 2065               	.LVL144:
 2066 0b1a BF90      		pop r11
 2067 0b1c AF90      		pop r10
 2068               	.LVL145:
 2069 0b1e 9F90      		pop r9
 2070 0b20 8F90      		pop r8
 2071               	.LVL146:
 2072 0b22 7F90      		pop r7
 2073               	.LVL147:
 2074 0b24 5F90      		pop r5
 2075 0b26 4F90      		pop r4
 2076               	.LVL148:
 2077 0b28 3F90      		pop r3
 2078 0b2a 2F90      		pop r2
 2079               	.LVL149:
 2080 0b2c 0895      		ret
 2081               	.LFE3:
 2083               		.data
 2084               	.LC0:
 2085 0000 4944 4C45 		.string	"IDLE"
 2085      00
 2086               		.text
 2087               	.global	vTaskStartScheduler
 2089               	vTaskStartScheduler:
 2090               	.LFB10:
 2091               	.LM265:
 2092 0b2e AF92      		push r10
 2093 0b30 BF92      		push r11
 2094 0b32 CF92      		push r12
 2095 0b34 DF92      		push r13
 2096 0b36 EF92      		push r14
 2097 0b38 FF92      		push r15
 2098 0b3a 0F93      		push r16
 2099               	/* prologue: function */
 2100               	/* frame size = 0 */
 2101               	.LM266:
 2102 0b3c 80E0      		ldi r24,lo8(gs(prvIdleTask))
 2103 0b3e 90E0      		ldi r25,hi8(gs(prvIdleTask))
 2104 0b40 60E0      		ldi r22,lo8(.LC0)
 2105 0b42 70E0      		ldi r23,hi8(.LC0)
 2106 0b44 46E9      		ldi r20,lo8(150)
 2107 0b46 50E0      		ldi r21,hi8(150)
 2108 0b48 20E0      		ldi r18,lo8(0)
 2109 0b4a 30E0      		ldi r19,hi8(0)
 2110 0b4c 00E0      		ldi r16,lo8(0)
 2111 0b4e EE24      		clr r14
 2112 0b50 FF24      		clr r15
 2113 0b52 CC24      		clr r12
 2114 0b54 DD24      		clr r13
 2115 0b56 AA24      		clr r10
 2116 0b58 BB24      		clr r11
 2117 0b5a 0E94 0000 		call xTaskGenericCreate
 2118               	.LM267:
 2119 0b5e 8130      		cpi r24,lo8(1)
 2120 0b60 01F4      		brne .L173
 2121               	.LM268:
 2122 0b62 0E94 0000 		call xTimerCreateTimerTask
 2123               	.LM269:
 2124 0b66 8130      		cpi r24,lo8(1)
 2125 0b68 01F4      		brne .L173
 2126               	.LM270:
 2127               	/* #APP */
 2128               	 ;  1113 "src/FreeRTOS/tasks.c" 1
 2129 0b6a F894      		cli
 2130               	 ;  0 "" 2
 2131               	.LM271:
 2132               	/* #NOAPP */
 2133 0b6c 8093 0000 		sts xSchedulerRunning,r24
 2134               	.LM272:
 2135 0b70 1092 0000 		sts (xTickCount)+1,__zero_reg__
 2136 0b74 1092 0000 		sts xTickCount,__zero_reg__
 2137               	.LM273:
 2138 0b78 0E94 0000 		call xPortStartScheduler
 2139               	.L173:
 2140               	/* epilogue start */
 2141               	.LM274:
 2142 0b7c 0F91      		pop r16
 2143 0b7e FF90      		pop r15
 2144 0b80 EF90      		pop r14
 2145 0b82 DF90      		pop r13
 2146 0b84 CF90      		pop r12
 2147 0b86 BF90      		pop r11
 2148 0b88 AF90      		pop r10
 2149 0b8a 0895      		ret
 2150               	.LFE10:
 2152               	.global	pxCurrentTCB
 2153               	.global	pxCurrentTCB
 2154               		.section .bss
 2157               	pxCurrentTCB:
 2158 0000 0000      		.skip 2,0
 2159               		.lcomm uxTopReadyPriority,1
 2160               		.lcomm xSchedulerRunning,1
 2161               		.lcomm uxSchedulerSuspended,1
 2162               		.lcomm xMissedYield,1
 2163               		.lcomm xNumOfOverflows,1
 2164               		.lcomm xTickCount,2
 2165               		.data
 2168               	xNextTaskUnblockTime:
 2169 0005 FFFF      		.word	-1
 2170               		.lcomm uxMissedTicks,1
 2171               		.lcomm uxCurrentNumberOfTasks,1
 2172               		.lcomm uxTopUsedPriority,1
 2173               		.lcomm uxTaskNumber,1
 2174               		.lcomm pxReadyTasksLists,45
 2175               		.lcomm xDelayedTaskList1,9
 2176               		.lcomm xDelayedTaskList2,9
 2177               		.lcomm pxDelayedTaskList,2
 2178               		.lcomm pxOverflowDelayedTaskList,2
 2179               		.lcomm xPendingReadyList,9
 2180               		.lcomm xSuspendedTaskList,9
 2429               	.Letext0:
DEFINED SYMBOLS
                            *ABS*:00000000 tasks.c
C:\Users\GUI\AppData\Local\Temp/ccInRVMq.s:2      *ABS*:0000003f __SREG__
C:\Users\GUI\AppData\Local\Temp/ccInRVMq.s:3      *ABS*:0000003e __SP_H__
C:\Users\GUI\AppData\Local\Temp/ccInRVMq.s:4      *ABS*:0000003d __SP_L__
C:\Users\GUI\AppData\Local\Temp/ccInRVMq.s:5      *ABS*:00000034 __CCP__
C:\Users\GUI\AppData\Local\Temp/ccInRVMq.s:6      *ABS*:00000000 __tmp_reg__
C:\Users\GUI\AppData\Local\Temp/ccInRVMq.s:7      *ABS*:00000001 __zero_reg__
C:\Users\GUI\AppData\Local\Temp/ccInRVMq.s:18     .text:00000000 xTaskIsTaskSuspended
C:\Users\GUI\AppData\Local\Temp/ccInRVMq.s:2179   .bss:00000059 xSuspendedTaskList
C:\Users\GUI\AppData\Local\Temp/ccInRVMq.s:2178   .bss:00000050 xPendingReadyList
C:\Users\GUI\AppData\Local\Temp/ccInRVMq.s:60     .text:00000028 vTaskSuspendAll
C:\Users\GUI\AppData\Local\Temp/ccInRVMq.s:2160   .bss:00000004 uxSchedulerSuspended
C:\Users\GUI\AppData\Local\Temp/ccInRVMq.s:76     .text:00000034 xTaskGetTickCount
C:\Users\GUI\AppData\Local\Temp/ccInRVMq.s:2163   .bss:00000007 xTickCount
C:\Users\GUI\AppData\Local\Temp/ccInRVMq.s:115    .text:0000004a xTaskGetTickCountFromISR
C:\Users\GUI\AppData\Local\Temp/ccInRVMq.s:133    .text:00000056 uxTaskGetNumberOfTasks
C:\Users\GUI\AppData\Local\Temp/ccInRVMq.s:2170   .bss:0000000a uxCurrentNumberOfTasks
C:\Users\GUI\AppData\Local\Temp/ccInRVMq.s:147    .text:0000005c vTaskSwitchContext
C:\Users\GUI\AppData\Local\Temp/ccInRVMq.s:2161   .bss:00000005 xMissedYield
                             .bss:00000002 uxTopReadyPriority
C:\Users\GUI\AppData\Local\Temp/ccInRVMq.s:2173   .bss:0000000d pxReadyTasksLists
C:\Users\GUI\AppData\Local\Temp/ccInRVMq.s:2157   .bss:00000000 pxCurrentTCB
C:\Users\GUI\AppData\Local\Temp/ccInRVMq.s:226    .text:000000e0 vTaskSetTimeOutState
C:\Users\GUI\AppData\Local\Temp/ccInRVMq.s:2162   .bss:00000006 xNumOfOverflows
C:\Users\GUI\AppData\Local\Temp/ccInRVMq.s:249    .text:000000f6 xTaskCheckForTimeOut
C:\Users\GUI\AppData\Local\Temp/ccInRVMq.s:350    .text:00000172 vTaskMissedYield
C:\Users\GUI\AppData\Local\Temp/ccInRVMq.s:365    .text:0000017a uxTaskGetStackHighWaterMark
C:\Users\GUI\AppData\Local\Temp/ccInRVMq.s:419    .text:000001a8 xTaskGetCurrentTaskHandle
C:\Users\GUI\AppData\Local\Temp/ccInRVMq.s:437    .text:000001b4 xTaskGetSchedulerState
C:\Users\GUI\AppData\Local\Temp/ccInRVMq.s:2159   .bss:00000003 xSchedulerRunning
C:\Users\GUI\AppData\Local\Temp/ccInRVMq.s:465    .text:000001cc vTaskPriorityDisinherit
C:\Users\GUI\AppData\Local\Temp/ccInRVMq.s:529    .text:00000226 vTaskPriorityInherit
C:\Users\GUI\AppData\Local\Temp/ccInRVMq.s:617    .text:000002ba xTaskRemoveFromEventList
C:\Users\GUI\AppData\Local\Temp/ccInRVMq.s:698    .text:00000338 vTaskIncrementTick
C:\Users\GUI\AppData\Local\Temp/ccInRVMq.s:2176   .bss:0000004c pxDelayedTaskList
C:\Users\GUI\AppData\Local\Temp/ccInRVMq.s:2177   .bss:0000004e pxOverflowDelayedTaskList
C:\Users\GUI\AppData\Local\Temp/ccInRVMq.s:2168   .data:00000005 xNextTaskUnblockTime
C:\Users\GUI\AppData\Local\Temp/ccInRVMq.s:2164   .bss:00000009 uxMissedTicks
C:\Users\GUI\AppData\Local\Temp/ccInRVMq.s:881    .text:0000048c xTaskResumeFromISR
C:\Users\GUI\AppData\Local\Temp/ccInRVMq.s:992    .text:00000528 prvAddCurrentTaskToDelayedList
C:\Users\GUI\AppData\Local\Temp/ccInRVMq.s:1051   .text:00000596 vTaskPlaceOnEventListRestricted
C:\Users\GUI\AppData\Local\Temp/ccInRVMq.s:1090   .text:000005d0 vTaskPlaceOnEventList
C:\Users\GUI\AppData\Local\Temp/ccInRVMq.s:1145   .text:00000628 xTaskResumeAll
C:\Users\GUI\AppData\Local\Temp/ccInRVMq.s:1308   .text:0000071e prvIdleTask
C:\Users\GUI\AppData\Local\Temp/ccInRVMq.s:1327   .text:0000072c vTaskResume
C:\Users\GUI\AppData\Local\Temp/ccInRVMq.s:1444   .text:000007be vTaskSuspend
C:\Users\GUI\AppData\Local\Temp/ccInRVMq.s:1564   .text:0000085c vTaskDelay
C:\Users\GUI\AppData\Local\Temp/ccInRVMq.s:1622   .text:000008aa vTaskDelayUntil
C:\Users\GUI\AppData\Local\Temp/ccInRVMq.s:1713   .text:00000922 vTaskEndScheduler
C:\Users\GUI\AppData\Local\Temp/ccInRVMq.s:1735   .text:0000092e xTaskGenericCreate
C:\Users\GUI\AppData\Local\Temp/ccInRVMq.s:2174   .bss:0000003a xDelayedTaskList1
C:\Users\GUI\AppData\Local\Temp/ccInRVMq.s:2175   .bss:00000043 xDelayedTaskList2
C:\Users\GUI\AppData\Local\Temp/ccInRVMq.s:2171   .bss:0000000b uxTopUsedPriority
C:\Users\GUI\AppData\Local\Temp/ccInRVMq.s:2172   .bss:0000000c uxTaskNumber
C:\Users\GUI\AppData\Local\Temp/ccInRVMq.s:2089   .text:00000b2e vTaskStartScheduler

UNDEFINED SYMBOLS
vListRemove
vListInsertEnd
vListInsert
vPortYield
vPortEndScheduler
pvPortMalloc
vPortFree
memset
strncpy
vListInitialiseItem
pxPortInitialiseStack
vListInitialise
xTimerCreateTimerTask
xPortStartScheduler
__do_copy_data
__do_clear_bss
